<?xml version="1.0" encoding="UTF-8"?>
<testng-results total="1" passed="1" failed="0" skipped="0">
  <reporter-output>
  </reporter-output>
  <suite started-at="2022-06-27T10:03:56Z" name="Default suite" finished-at="2022-06-27T10:04:06Z" duration-ms="10545">
    <groups>
    </groups>
    <test started-at="2022-06-27T10:03:56Z" name="Default test" finished-at="2022-06-27T10:04:06Z" duration-ms="10545">
      <class name="kitty.kitty.automateme">
        <test-method is-config="true" signature="beforeTest()[pri:0, instance:kitty.kitty.automateme@44a59da3]" started-at="2022-06-27T15:33:56Z" name="beforeTest" finished-at="2022-06-27T15:33:56Z" duration-ms="6" status="PASS">
          <reporter-output>
          </reporter-output>
        </test-method> <!-- beforeTest -->
        <test-method signature="test()[pri:0, instance:kitty.kitty.automateme@44a59da3]" started-at="2022-06-27T15:33:56Z" name="test" finished-at="2022-06-27T15:34:06Z" duration-ms="9810" status="PASS">
          <reporter-output>
          </reporter-output>
        </test-method> <!-- test -->
        <test-method is-config="true" signature="afterTest()[pri:0, instance:kitty.kitty.automateme@44a59da3]" started-at="2022-06-27T15:34:06Z" name="afterTest" finished-at="2022-06-27T15:34:06Z" duration-ms="714" status="PASS">
          <reporter-output>
          </reporter-output>
        </test-method> <!-- afterTest -->
      </class> <!-- kitty.kitty.automateme -->
    </test> <!-- Default test -->
  </suite> <!-- Default suite -->
</testng-results>
